{"level":"error","message":"Fri Jul 22 2022 22:16:50 GMT+0530 (India Standard Time)-{\"name\":\"Data Not found\",\"statusCode\":{},\"isOperational\":true}","private":true}
{"level":"error","message":"Fri Jul 22 2022 22:18:39 GMT+0530 (India Standard Time)-{\"name\":\"Data Not found\",\"statusCode\":{},\"isOperational\":true}","private":true}
{"level":"error","message":"Fri Jul 22 2022 22:19:24 GMT+0530 (India Standard Time)-{\"name\":\"Data Not found\",\"statusCode\":{},\"isOperational\":true}","private":true}
{"level":"error","message":"Fri Jul 22 2022 22:20:51 GMT+0530 (India Standard Time)-{\"name\":\"Data Not found\",\"statusCode\":{},\"isOperational\":true}","private":true}
{"level":"error","message":"Fri Jul 22 2022 22:35:54 GMT+0530 (India Standard Time)-{\"statusCode\":401}","private":true}
{"level":"error","message":"Fri Jul 22 2022 23:08:36 GMT+0530 (India Standard Time)-{\"statusCode\":401}","private":true}
{"level":"error","message":"Fri Jul 22 2022 23:09:48 GMT+0530 (India Standard Time)-{\"statusCode\":401}","private":true}
{"level":"error","message":"Fri Jul 22 2022 23:15:42 GMT+0530 (India Standard Time)-{\"statusCode\":401}","private":true}
{"level":"error","message":"Fri Jul 22 2022 23:16:18 GMT+0530 (India Standard Time)-{\"statusCode\":401}","private":true}
{"level":"error","message":"Fri Jul 22 2022 23:24:26 GMT+0530 (India Standard Time)-{\"name\":\"Data Not found\",\"statusCode\":500,\"isOperational\":true}","private":true}
{"level":"error","message":"Fri Jul 22 2022 23:33:43 GMT+0530 (India Standard Time)-{\"name\":\"Data Not found\",\"statusCode\":500,\"isOperational\":true}","private":true}
{"level":"error","message":"Fri Jul 22 2022 23:33:47 GMT+0530 (India Standard Time)-{\"name\":\"Data Not found\",\"statusCode\":500,\"isOperational\":true}","private":true}
{"level":"error","message":"Sat Jul 23 2022 00:29:25 GMT+0530 (India Standard Time)-{\"statusCode\":401}","private":true}
{"level":"error","message":"Sat Jul 23 2022 00:32:52 GMT+0530 (India Standard Time)-{\"statusCode\":403}","private":true}
{"level":"error","message":"Sat Jul 23 2022 00:44:28 GMT+0530 (India Standard Time)-{\"name\":\"Data Not found\",\"statusCode\":500,\"isOperational\":true}","private":true}
{"level":"error","message":"Sat Jul 23 2022 01:03:39 GMT+0530 (India Standard Time)-{\"statusCode\":401}","private":true}
{"level":"error","message":"Sat Jul 23 2022 01:42:08 GMT+0530 (India Standard Time)-{\"statusCode\":401}","private":true}
{"level":"error","message":"Sun Jul 24 2022 20:19:24 GMT+0530 (India Standard Time)-{\"statusCode\":403}","private":true}
{"level":"error","message":"Sun Jul 24 2022 20:23:09 GMT+0530 (India Standard Time)-{\"statusCode\":401}","private":true}
{"level":"error","message":"Mon Jul 25 2022 14:34:32 GMT+0530 (India Standard Time)-{\"statusCode\":401}","private":true}
{"level":"error","message":"Mon Jul 25 2022 14:34:45 GMT+0530 (India Standard Time)-{\"statusCode\":403}","private":true}
{"level":"error","message":"Mon Jul 25 2022 14:35:34 GMT+0530 (India Standard Time)-{\"name\":\"Data Not found\",\"statusCode\":500,\"isOperational\":true}","private":true}
{"level":"error","message":"Mon Jul 25 2022 14:35:56 GMT+0530 (India Standard Time)-{\"name\":\"Data Not found\",\"statusCode\":500,\"isOperational\":true}","private":true}
{"level":"error","message":"Mon Jul 25 2022 14:37:01 GMT+0530 (India Standard Time)-{\"name\":\"Data Not found\",\"statusCode\":500,\"isOperational\":true}","private":true}
{"level":"error","message":"Mon Jul 25 2022 14:38:43 GMT+0530 (India Standard Time)-{\"name\":\"Email could not be added\",\"statusCode\":500,\"isOperational\":true}","private":true}
{"level":"error","message":"Mon Jul 25 2022 18:22:08 GMT+0530 (India Standard Time)-{}","private":true}
{"level":"error","message":"Mon Jul 25 2022 18:22:40 GMT+0530 (India Standard Time)-{}","private":true}
{"level":"error","message":"Mon Jul 25 2022 18:23:46 GMT+0530 (India Standard Time)-{}","private":true}
{"level":"error","message":"Mon Jul 25 2022 18:24:25 GMT+0530 (India Standard Time)-{}","private":true}
{"level":"error","message":"Mon Jul 25 2022 18:25:10 GMT+0530 (India Standard Time)-{}","private":true}
{"level":"error","message":"Mon Jul 25 2022 18:25:28 GMT+0530 (India Standard Time)-{}","private":true}
{"level":"error","message":"Mon Jul 25 2022 18:26:02 GMT+0530 (India Standard Time)-{}","private":true}
{"level":"error","message":"Mon Jul 25 2022 18:26:10 GMT+0530 (India Standard Time)-{}","private":true}
{"level":"error","message":"Mon Jul 25 2022 18:26:27 GMT+0530 (India Standard Time)-{}","private":true}
{"level":"error","message":"Mon Jul 25 2022 18:28:35 GMT+0530 (India Standard Time)-{\"statusCode\":401}","private":true}
{"level":"error","message":"Mon Jul 25 2022 18:28:45 GMT+0530 (India Standard Time)-{\"statusCode\":401}","private":true}
{"level":"error","message":"Mon Jul 25 2022 18:33:13 GMT+0530 (India Standard Time)-{\"name\":\"Upload Error \",\"statusCode\":401,\"isOperational\":true}","private":true}
{"level":"error","message":"Mon Jul 25 2022 18:51:13 GMT+0530 (India Standard Time)-{\"name\":\"Upload Error \",\"statusCode\":401,\"isOperational\":true}","private":true}
{"level":"error","message":"Mon Jul 25 2022 18:52:50 GMT+0530 (India Standard Time)-{\"name\":\"Upload Error \",\"statusCode\":401,\"isOperational\":true}","private":true}
{"level":"error","message":"Mon Jul 25 2022 18:52:56 GMT+0530 (India Standard Time)-{\"name\":\"Upload Error \",\"statusCode\":401,\"isOperational\":true}","private":true}
{"level":"error","message":"Mon Jul 25 2022 18:53:10 GMT+0530 (India Standard Time)-{\"name\":\"Upload Error \",\"statusCode\":401,\"isOperational\":true}","private":true}
{"level":"error","message":"Mon Jul 25 2022 18:53:58 GMT+0530 (India Standard Time)-{\"name\":\"Upload Error \",\"statusCode\":401,\"isOperational\":true}","private":true}
{"level":"error","message":"Mon Jul 25 2022 18:54:07 GMT+0530 (India Standard Time)-{\"name\":\"Upload Error \",\"statusCode\":401,\"isOperational\":true}","private":true}
{"level":"error","message":"Mon Jul 25 2022 18:54:14 GMT+0530 (India Standard Time)-{\"name\":\"Upload Error \",\"statusCode\":401,\"isOperational\":true}","private":true}
{"level":"error","message":"Mon Jul 25 2022 18:54:43 GMT+0530 (India Standard Time)-{\"name\":\"Upload Error \",\"statusCode\":401,\"isOperational\":true}","private":true}
{"level":"error","message":"Mon Jul 25 2022 18:54:58 GMT+0530 (India Standard Time)-{\"name\":\"Upload Error \",\"statusCode\":401,\"isOperational\":true}","private":true}
{"level":"error","message":"Mon Jul 25 2022 18:55:05 GMT+0530 (India Standard Time)-{\"name\":\"Upload Error \",\"statusCode\":401,\"isOperational\":true}","private":true}
{"level":"error","message":"Mon Jul 25 2022 19:22:34 GMT+0530 (India Standard Time)-{}","private":true}
{"level":"error","message":"Mon Jul 25 2022 19:23:02 GMT+0530 (India Standard Time)-{}","private":true}
{"level":"error","message":"Mon Jul 25 2022 19:23:14 GMT+0530 (India Standard Time)-{}","private":true}
{"level":"error","message":"Mon Jul 25 2022 19:23:46 GMT+0530 (India Standard Time)-{}","private":true}
{"level":"error","message":"Mon Jul 25 2022 19:23:58 GMT+0530 (India Standard Time)-{}","private":true}
{"level":"error","message":"Mon Jul 25 2022 19:25:10 GMT+0530 (India Standard Time)-{}","private":true}
{"level":"error","message":"Mon Jul 25 2022 19:25:18 GMT+0530 (India Standard Time)-{}","private":true}
{"level":"error","message":"Mon Jul 25 2022 19:25:59 GMT+0530 (India Standard Time)-{}","private":true}
{"level":"error","message":"Tue Jul 26 2022 00:34:07 GMT+0530 (India Standard Time)-{\"name\":\"Cannot read properties of null (reading 'excel')\",\"statusCode\":401,\"isOperational\":true}","private":true}
{"level":"error","message":"Tue Jul 26 2022 00:34:13 GMT+0530 (India Standard Time)-{\"name\":\"Cannot read properties of null (reading 'excel')\",\"statusCode\":401,\"isOperational\":true}","private":true}
{"level":"error","message":"Tue Jul 26 2022 23:01:52 GMT+0530 (India Standard Time)-{\"name\":\"Unable to create Employee attendance\",\"statusCode\":500,\"isOperational\":true}","private":true}
{"level":"error","message":"Tue Jul 26 2022 23:02:20 GMT+0530 (India Standard Time)-{\"name\":\"Unable to create Employee attendance\",\"statusCode\":500,\"isOperational\":true}","private":true}
{"level":"error","message":"Tue Jul 26 2022 23:04:13 GMT+0530 (India Standard Time)-{\"name\":\"Unable to create Employee attendance\",\"statusCode\":500,\"isOperational\":true}","private":true}
{"level":"error","message":"Tue Jul 26 2022 23:09:04 GMT+0530 (India Standard Time)-{}","private":true}
{"level":"error","message":"Tue Jul 26 2022 23:10:13 GMT+0530 (India Standard Time)-{}","private":true}
{"level":"error","message":"Tue Jul 26 2022 23:10:54 GMT+0530 (India Standard Time)-{}","private":true}
{"level":"error","message":"Tue Jul 26 2022 23:12:41 GMT+0530 (India Standard Time)-{}","private":true}
{"level":"error","message":"Tue Jul 26 2022 23:14:55 GMT+0530 (India Standard Time)-{\"name\":\"Cannot read properties of null (reading 'excel')\",\"statusCode\":401,\"isOperational\":true}","private":true}
{"level":"error","message":"Wed Jul 27 2022 00:38:21 GMT+0530 (India Standard Time)-{\"name\":\"Cannot read properties of null (reading 'excel')\",\"statusCode\":401,\"isOperational\":true}","private":true}
{"level":"error","message":"Fri Jul 29 2022 00:27:16 GMT+0530 (India Standard Time)-{\"name\":\"Cannot read properties of undefined (reading 'excel')\",\"statusCode\":401,\"isOperational\":true}","private":true}
{"level":"error","message":"Fri Jul 29 2022 00:55:04 GMT+0530 (India Standard Time)-{\"name\":\"err is not defined\",\"statusCode\":401,\"isOperational\":true}","private":true}
{"level":"error","message":"Fri Jul 29 2022 15:44:54 GMT+0530 (India Standard Time)-{\"name\":\"err is not defined\",\"statusCode\":401,\"isOperational\":true}","private":true}
{"level":"error","message":"Fri Jul 29 2022 16:34:06 GMT+0530 (India Standard Time)-{\"name\":\"err is not defined\",\"statusCode\":401,\"isOperational\":true}","private":true}
{"level":"error","message":"Fri Jul 29 2022 16:34:32 GMT+0530 (India Standard Time)-{\"name\":\"Internal Server Error\",\"statusCode\":401,\"isOperational\":true}","private":true}
{"level":"error","message":"Fri Jul 29 2022 16:36:28 GMT+0530 (India Standard Time)-{\"name\":\"Internal Server Error\",\"statusCode\":401,\"isOperational\":true}","private":true}
{"level":"error","message":"Fri Jul 29 2022 16:41:01 GMT+0530 (India Standard Time)-{\"name\":\"Internal Server Error\",\"statusCode\":401,\"isOperational\":true}","private":true}
{"level":"error","message":"Fri Jul 29 2022 16:49:39 GMT+0530 (India Standard Time)-{\"name\":\"err is not defined\",\"statusCode\":401,\"isOperational\":true}","private":true}
{"level":"error","message":"Fri Jul 29 2022 16:50:49 GMT+0530 (India Standard Time)-{\"name\":\"Internal Server Error\",\"statusCode\":401,\"isOperational\":true}","private":true}
{"level":"error","message":"Fri Jul 29 2022 16:51:53 GMT+0530 (India Standard Time)-{\"name\":\"Internal Server Error\",\"statusCode\":401,\"isOperational\":true}","private":true}
{"level":"error","message":"Fri Jul 29 2022 16:55:58 GMT+0530 (India Standard Time)-{\"name\":\"Internal Server Error\",\"statusCode\":401,\"isOperational\":true}","private":true}
{"level":"error","message":"Fri Jul 29 2022 16:56:53 GMT+0530 (India Standard Time)-{\"name\":\"Internal Server Error\",\"statusCode\":401,\"isOperational\":true}","private":true}
{"level":"error","message":"Fri Jul 29 2022 16:58:11 GMT+0530 (India Standard Time)-{\"name\":\"Internal Server Error\",\"statusCode\":401,\"isOperational\":true}","private":true}
{"level":"error","message":"Fri Jul 29 2022 16:58:28 GMT+0530 (India Standard Time)-{\"name\":\"Internal Server Error\",\"statusCode\":401,\"isOperational\":true}","private":true}
{"level":"error","message":"Fri Jul 29 2022 16:59:08 GMT+0530 (India Standard Time)-{\"name\":\"Internal Server Error\",\"statusCode\":401,\"isOperational\":true}","private":true}
{"level":"error","message":"Fri Jul 29 2022 17:07:34 GMT+0530 (India Standard Time)-{\"name\":\"Internal Server Error\",\"statusCode\":401,\"isOperational\":true}","private":true}
{"level":"error","message":"Sat Jul 30 2022 04:49:12 GMT+0530 (India Standard Time)-{\"name\":\"Cannot read properties of undefined (reading 'excel')\",\"statusCode\":401,\"isOperational\":true}","private":true}
{"level":"error","message":"Mon Aug 01 2022 14:22:09 GMT+0530 (India Standard Time)-{}","private":true}
{"level":"error","message":"Mon Aug 01 2022 14:25:34 GMT+0530 (India Standard Time)-{\"statusCode\":403}","private":true}
{"level":"error","message":"Mon Aug 01 2022 14:26:30 GMT+0530 (India Standard Time)-{\"statusCode\":403}","private":true}
{"level":"error","message":"Mon Aug 01 2022 14:30:25 GMT+0530 (India Standard Time)-{\"statusCode\":403}","private":true}
{"level":"error","message":"Mon Aug 01 2022 14:35:54 GMT+0530 (India Standard Time)-{\"statusCode\":403}","private":true}
{"level":"error","message":"Mon Aug 01 2022 14:36:48 GMT+0530 (India Standard Time)-{}","private":true}
{"level":"error","message":"Mon Aug 01 2022 14:39:32 GMT+0530 (India Standard Time)-{\"statusCode\":403}","private":true}
{"level":"error","message":"Mon Aug 01 2022 14:40:49 GMT+0530 (India Standard Time)-{\"statusCode\":403}","private":true}
{"level":"error","message":"Mon Aug 01 2022 14:41:08 GMT+0530 (India Standard Time)-{\"name\":\"Cannot read properties of undefined (reading 'excel')\",\"statusCode\":401,\"isOperational\":true}","private":true}
{"level":"error","message":"Mon Aug 01 2022 14:57:29 GMT+0530 (India Standard Time)-{\"statusCode\":403}","private":true}
{"level":"error","message":"Mon Aug 01 2022 14:57:47 GMT+0530 (India Standard Time)-{\"statusCode\":401}","private":true}
{"level":"error","message":"Mon Aug 01 2022 14:58:36 GMT+0530 (India Standard Time)-{\"statusCode\":401}","private":true}
{"level":"error","message":"Mon Aug 01 2022 14:58:46 GMT+0530 (India Standard Time)-{\"statusCode\":401}","private":true}
{"level":"error","message":"Mon Aug 01 2022 14:59:01 GMT+0530 (India Standard Time)-{\"statusCode\":401}","private":true}
{"level":"error","message":"Mon Aug 01 2022 15:00:23 GMT+0530 (India Standard Time)-{\"statusCode\":401}","private":true}
{"level":"error","message":"Mon Aug 01 2022 15:01:19 GMT+0530 (India Standard Time)-{\"statusCode\":401}","private":true}
{"level":"error","message":"Mon Aug 01 2022 15:03:12 GMT+0530 (India Standard Time)-{\"statusCode\":401}","private":true}
{"level":"error","message":"Mon Aug 01 2022 15:04:02 GMT+0530 (India Standard Time)-{\"statusCode\":401}","private":true}
{"level":"error","message":"Mon Aug 01 2022 15:05:56 GMT+0530 (India Standard Time)-{\"statusCode\":401}","private":true}
{"level":"error","message":"Mon Aug 01 2022 15:11:51 GMT+0530 (India Standard Time)-{\"statusCode\":403}","private":true}
{"level":"error","message":"Mon Aug 01 2022 15:12:44 GMT+0530 (India Standard Time)-{\"statusCode\":403}","private":true}
{"level":"error","message":"Mon Aug 01 2022 15:25:52 GMT+0530 (India Standard Time)-{\"statusCode\":401}","private":true}
{"level":"error","message":"Mon Aug 01 2022 15:29:40 GMT+0530 (India Standard Time)-{\"statusCode\":401}","private":true}
{"level":"error","message":"Mon Aug 01 2022 15:29:56 GMT+0530 (India Standard Time)-{\"statusCode\":401}","private":true}
{"level":"error","message":"Mon Aug 01 2022 15:41:44 GMT+0530 (India Standard Time)-{\"statusCode\":401}","private":true}
{"level":"error","message":"Mon Aug 01 2022 15:54:47 GMT+0530 (India Standard Time)-{\"name\":\"Internal Server Error\",\"statusCode\":401,\"isOperational\":true}","private":true}
{"level":"error","message":"Mon Aug 01 2022 16:06:59 GMT+0530 (India Standard Time)-{\"name\":\"Internal Server Error\",\"statusCode\":401,\"isOperational\":true}","private":true}
{"level":"error","message":"Mon Aug 01 2022 16:07:18 GMT+0530 (India Standard Time)-{\"name\":\"Internal Server Error\",\"statusCode\":401,\"isOperational\":true}","private":true}
{"level":"error","message":"Mon Aug 01 2022 16:14:17 GMT+0530 (India Standard Time)-{\"name\":\"Internal Server Error\",\"statusCode\":401,\"isOperational\":true}","private":true}
{"level":"error","message":"Tue Aug 02 2022 01:50:09 GMT+0530 (India Standard Time)-{\"name\":\"Cannot read properties of null (reading 'excel')\",\"statusCode\":401,\"isOperational\":true}","private":true}
{"level":"error","message":"Tue Aug 02 2022 04:09:16 GMT+0530 (India Standard Time)-{\"statusCode\":401}","private":true}
{"level":"error","message":"Tue Aug 02 2022 04:09:45 GMT+0530 (India Standard Time)-{\"statusCode\":401}","private":true}
{"level":"error","message":"Tue Aug 02 2022 04:10:28 GMT+0530 (India Standard Time)-{\"statusCode\":401}","private":true}
{"level":"error","message":"Tue Aug 02 2022 04:11:30 GMT+0530 (India Standard Time)-{\"statusCode\":401}","private":true}
{"level":"error","message":"Tue Aug 02 2022 04:12:02 GMT+0530 (India Standard Time)-{\"statusCode\":401}","private":true}
{"level":"error","message":"Tue Aug 02 2022 04:12:12 GMT+0530 (India Standard Time)-{\"statusCode\":401}","private":true}
{"level":"error","message":"Tue Aug 02 2022 04:13:33 GMT+0530 (India Standard Time)-{\"name\":\"Internal Server Error\",\"statusCode\":401,\"isOperational\":true}","private":true}
{"level":"error","message":"Tue Aug 02 2022 04:13:49 GMT+0530 (India Standard Time)-{\"name\":\"Internal Server Error\",\"statusCode\":401,\"isOperational\":true}","private":true}
{"level":"error","message":"Tue Aug 02 2022 04:14:08 GMT+0530 (India Standard Time)-{\"name\":\"Internal Server Error\",\"statusCode\":401,\"isOperational\":true}","private":true}
{"level":"error","message":"Tue Aug 02 2022 04:15:06 GMT+0530 (India Standard Time)-{\"name\":\"Internal Server Error\",\"statusCode\":401,\"isOperational\":true}","private":true}
{"level":"error","message":"Tue Aug 02 2022 04:15:53 GMT+0530 (India Standard Time)-{\"name\":\"Internal Server Error\",\"statusCode\":401,\"isOperational\":true}","private":true}
{"level":"error","message":"Tue Aug 02 2022 04:17:14 GMT+0530 (India Standard Time)-{\"name\":\"Internal Server Error\",\"statusCode\":401,\"isOperational\":true}","private":true}
{"level":"error","message":"Tue Aug 02 2022 13:08:03 GMT+0530 (India Standard Time)-{\"statusCode\":401}","private":true}
{"level":"error","message":"Tue Aug 02 2022 13:20:46 GMT+0530 (India Standard Time)-{\"statusCode\":401}","private":true}
{"level":"error","message":"Tue Aug 02 2022 13:21:12 GMT+0530 (India Standard Time)-{\"name\":\"Internal Server Error\",\"statusCode\":401,\"isOperational\":true}","private":true}
{"level":"error","message":"Tue Aug 02 2022 13:22:55 GMT+0530 (India Standard Time)-{\"name\":\"Internal Server Error\",\"statusCode\":401,\"isOperational\":true}","private":true}
{"level":"error","message":"Tue Aug 02 2022 13:25:10 GMT+0530 (India Standard Time)-{\"name\":\"Internal Server Error\",\"statusCode\":401,\"isOperational\":true}","private":true}
{"level":"error","message":"Tue Aug 02 2022 13:25:53 GMT+0530 (India Standard Time)-{\"name\":\"Internal Server Error\",\"statusCode\":401,\"isOperational\":true}","private":true}
{"level":"error","message":"Tue Aug 02 2022 13:26:42 GMT+0530 (India Standard Time)-{\"name\":\"Internal Server Error\",\"statusCode\":401,\"isOperational\":true}","private":true}
{"level":"error","message":"Tue Aug 02 2022 13:27:43 GMT+0530 (India Standard Time)-{\"name\":\"Internal Server Error\",\"statusCode\":401,\"isOperational\":true}","private":true}
{"level":"error","message":"Tue Aug 02 2022 13:28:03 GMT+0530 (India Standard Time)-{\"name\":\"Internal Server Error\",\"statusCode\":401,\"isOperational\":true}","private":true}
{"level":"error","message":"Tue Aug 02 2022 13:28:21 GMT+0530 (India Standard Time)-{\"name\":\"Internal Server Error\",\"statusCode\":401,\"isOperational\":true}","private":true}
{"level":"error","message":"Tue Aug 02 2022 13:29:32 GMT+0530 (India Standard Time)-{\"name\":\"Internal Server Error\",\"statusCode\":401,\"isOperational\":true}","private":true}
{"level":"error","message":"Tue Aug 02 2022 13:31:03 GMT+0530 (India Standard Time)-{\"name\":\"Internal Server Error\",\"statusCode\":401,\"isOperational\":true}","private":true}
{"level":"error","message":"Tue Aug 02 2022 13:31:32 GMT+0530 (India Standard Time)-{\"name\":\"Internal Server Error\",\"statusCode\":401,\"isOperational\":true}","private":true}
{"level":"error","message":"Tue Aug 02 2022 13:33:03 GMT+0530 (India Standard Time)-{\"name\":\"Internal Server Error\",\"statusCode\":401,\"isOperational\":true}","private":true}
{"level":"error","message":"Tue Aug 02 2022 13:35:03 GMT+0530 (India Standard Time)-{\"name\":\"Internal Server Error\",\"statusCode\":401,\"isOperational\":true}","private":true}
{"level":"error","message":"Tue Aug 02 2022 13:35:35 GMT+0530 (India Standard Time)-{\"name\":\"Internal Server Error\",\"statusCode\":401,\"isOperational\":true}","private":true}
{"level":"error","message":"Tue Aug 02 2022 13:35:58 GMT+0530 (India Standard Time)-{\"name\":\"Internal Server Error\",\"statusCode\":401,\"isOperational\":true}","private":true}
{"level":"error","message":"Tue Aug 02 2022 16:31:33 GMT+0530 (India Standard Time)-{\"name\":\"Cannot read properties of undefined (reading 'employeeId')\",\"statusCode\":401,\"isOperational\":true}","private":true}
{"level":"error","message":"Tue Aug 02 2022 16:33:07 GMT+0530 (India Standard Time)-{\"name\":\"Cannot read properties of undefined (reading 'employeeId')\",\"statusCode\":401,\"isOperational\":true}","private":true}
{"level":"error","message":"Tue Aug 02 2022 21:42:50 GMT+0530 (India Standard Time)-{\"name\":\"Internal Server Error\",\"statusCode\":401,\"isOperational\":true}","private":true}
{"level":"error","message":"Tue Aug 02 2022 22:06:47 GMT+0530 (India Standard Time)-{}","private":true}
